ARM GAS  C:\Users\25521\AppData\Local\Temp\ccnycsmx.s 			page 1


   1              	# 1 "../e-puck2_main-processor/ChibiOS//os/common/ports/ARMCMx/compilers/GCC/crt0_v7m.s"
   1              	/*
   0              	
   0              	
   2              	    ChibiOS - Copyright (C) 2006..2015 Giovanni Di Sirio.
   3              	
   4              	    This file is part of ChibiOS.
   5              	
   6              	    ChibiOS is free software; you can redistribute it and/or modify
   7              	    it under the terms of the GNU General Public License as published by
   8              	    the Free Software Foundation; either version 3 of the License, or
   9              	    (at your option) any later version.
  10              	
  11              	    ChibiOS is distributed in the hope that it will be useful,
  12              	    but WITHOUT ANY WARRANTY; without even the implied warranty of
  13              	    MERCHANTABILITY or FITNESS FOR A PARTICULAR PURPOSE.  See the
  14              	    GNU General Public License for more details.
  15              	
  16              	    You should have received a copy of the GNU General Public License
  17              	    along with this program.  If not, see <http://www.gnu.org/licenses/>.
  18              	*/
  19              	
  20              	/**
  21              	 * @file    crt0_v7m.s
  22              	 * @brief   Generic ARMv7-M (Cortex-M3/M4/M7) startup file for ChibiOS.
  23              	 *
  24              	 * @addtogroup ARMCMx_GCC_STARTUP_V7M
  25              	 * @{
  26              	 */
  27              	
  28              	/*===========================================================================*/
  29              	/* Module constants.                                                         */
  30              	/*===========================================================================*/
  31              	
  32              	#if !defined(FALSE) || defined(__DOXYGEN__)
  33              	#define FALSE                               0
  34              	#endif
  35              	
  36              	#if !defined(TRUE) || defined(__DOXYGEN__)
  37              	#define TRUE                                1
  38              	#endif
  39              	
  40              	#define CONTROL_MODE_PRIVILEGED             0
  41              	#define CONTROL_MODE_UNPRIVILEGED           1
  42              	#define CONTROL_USE_MSP                     0
  43              	#define CONTROL_USE_PSP                     2
  44              	#define CONTROL_FPCA                        4
  45              	
  46              	#define FPCCR_ASPEN                         (1 << 31)
  47              	#define FPCCR_LSPEN                         (1 << 30)
  48              	
  49              	#define SCB_CPACR                           0xE000ED88
  50              	#define SCB_FPCCR                           0xE000EF34
  51              	#define SCB_FPDSCR                          0xE000EF3C
  52              	
  53              	/*===========================================================================*/
  54              	/* Module pre-compile time settings.                                         */
ARM GAS  C:\Users\25521\AppData\Local\Temp\ccnycsmx.s 			page 2


  55              	/*===========================================================================*/
  56              	
  57              	/**
  58              	 * @brief   FPU initialization switch.
  59              	 */
  60              	#if !defined(CRT0_INIT_FPU) || defined(__DOXYGEN__)
  61              	#if defined(CORTEX_USE_FPU) || defined(__DOXYGEN__)
  62              	#define CRT0_INIT_FPU                       CORTEX_USE_FPU
  63              	#else
  64              	#define CRT0_INIT_FPU                       FALSE
  65              	#endif
  66              	#endif
  67              	
  68              	/**
  69              	 * @brief   Control special register initialization value.
  70              	 * @details The system is setup to run in privileged mode using the PSP
  71              	 *          stack (dual stack mode).
  72              	 */
  73              	#if !defined(CRT0_CONTROL_INIT) || defined(__DOXYGEN__)
  74              	#define CRT0_CONTROL_INIT                   (CONTROL_USE_PSP |              \
  75              	                                             CONTROL_MODE_PRIVILEGED)
  76              	#endif
  77              	
  78              	/**
  79              	 * @brief   Core initialization switch.
  80              	 */
  81              	#if !defined(CRT0_INIT_CORE) || defined(__DOXYGEN__)
  82              	#define CRT0_INIT_CORE                      TRUE
  83              	#endif
  84              	
  85              	/**
  86              	 * @brief   Stack segments initialization switch.
  87              	 */
  88              	#if !defined(CRT0_STACKS_FILL_PATTERN) || defined(__DOXYGEN__)
  89              	#define CRT0_STACKS_FILL_PATTERN            0x55555555
  90              	#endif
  91              	
  92              	/**
  93              	 * @brief   Stack segments initialization switch.
  94              	 */
  95              	#if !defined(CRT0_INIT_STACKS) || defined(__DOXYGEN__)
  96              	#define CRT0_INIT_STACKS                    TRUE
  97              	#endif
  98              	
  99              	/**
 100              	 * @brief   DATA segment initialization switch.
 101              	 */
 102              	#if !defined(CRT0_INIT_DATA) || defined(__DOXYGEN__)
 103              	#define CRT0_INIT_DATA                      TRUE
 104              	#endif
 105              	
 106              	/**
 107              	 * @brief   BSS segment initialization switch.
 108              	 */
 109              	#if !defined(CRT0_INIT_BSS) || defined(__DOXYGEN__)
 110              	#define CRT0_INIT_BSS                       TRUE
 111              	#endif
ARM GAS  C:\Users\25521\AppData\Local\Temp\ccnycsmx.s 			page 3


 112              	
 113              	/**
 114              	 * @brief   Constructors invocation switch.
 115              	 */
 116              	#if !defined(CRT0_CALL_CONSTRUCTORS) || defined(__DOXYGEN__)
 117              	#define CRT0_CALL_CONSTRUCTORS              TRUE
 118              	#endif
 119              	
 120              	/**
 121              	 * @brief   Destructors invocation switch.
 122              	 */
 123              	#if !defined(CRT0_CALL_DESTRUCTORS) || defined(__DOXYGEN__)
 124              	#define CRT0_CALL_DESTRUCTORS               TRUE
 125              	#endif
 126              	
 127              	/**
 128              	 * @brief   FPU FPCCR register initialization value.
 129              	 * @note    Only used if @p CRT0_INIT_FPU is equal to @p TRUE.
 130              	 */
 131              	#if !defined(CRT0_FPCCR_INIT) || defined(__DOXYGEN__)
 132              	#define CRT0_FPCCR_INIT                     (FPCCR_ASPEN | FPCCR_LSPEN)
 133              	#endif
 134              	
 135              	/**
 136              	 * @brief   CPACR register initialization value.
 137              	 * @note    Only used if @p CRT0_INIT_FPU is equal to @p TRUE.
 138              	 */
 139              	#if !defined(CRT0_CPACR_INIT) || defined(__DOXYGEN__)
 140              	#define CRT0_CPACR_INIT                     0x00F00000
 141              	#endif
 142              	
 143              	/*===========================================================================*/
 144              	/* Code section.                                                             */
 145              	/*===========================================================================*/
 146              	
 147              	#if !defined(__DOXYGEN__)
 148              	
 149              	                .syntax unified
 150              	                .cpu    cortex-m3
 151              	#if CRT0_INIT_FPU == TRUE
 152              	                .fpu    fpv4-sp-d16
 153              	#else
 154              	                .fpu    softvfp
 155              	#endif
 156              	
 157              	                .thumb
 158              	                .text
 159              	
 160              	/*
 161              	 * Reset handler.
 162              	 */
 163              	                .align  2
 164              	                .thumb_func
 165              	                .global Reset_Handler
 166              	Reset_Handler:
 167              	                /* Interrupts are globally masked initially.*/
 168 0000 72B6     	                cpsid   i
ARM GAS  C:\Users\25521\AppData\Local\Temp\ccnycsmx.s 			page 4


 169              	
 170              	                /* PSP stack pointers initialization.*/
 171 0002 2F48     	                ldr     r0, =__process_stack_end__
 172 0004 80F30988 	                msr     PSP, r0
 173              	
 174              	#if CRT0_INIT_FPU == TRUE
 175              	                /* FPU FPCCR initialization.*/
 176 0008 40F20000 	                movw    r0, #CRT0_FPCCR_INIT & 0xFFFF
 177 000c CCF20000 	                movt    r0, #CRT0_FPCCR_INIT >> 16
 178 0010 4EF63471 	                movw    r1, #SCB_FPCCR & 0xFFFF
 179 0014 CEF20001 	                movt    r1, #SCB_FPCCR >> 16
 180 0018 0860     	                str     r0, [r1]
 181              	
 182              	                /* CPACR initialization.*/
 183 001a 40F20000 	                movw    r0, #CRT0_CPACR_INIT & 0xFFFF
 184 001e C0F2F000 	                movt    r0, #CRT0_CPACR_INIT >> 16
 185 0022 4EF68851 	                movw    r1, #SCB_CPACR & 0xFFFF
 186 0026 CEF20001 	                movt    r1, #SCB_CPACR >> 16
 187 002a 0860     	                str     r0, [r1]
 188              	
 189              	                /* FPU FPSCR initially cleared.*/
 190 002c 4FF00000 	                mov     r0, #0
 191 0030 E1EE100A 	                vmsr    FPSCR, r0
 192              	
 193              	                /* FPU FPDSCR initially cleared.*/
 194 0034 4EF63C71 	                movw    r1, #SCB_FPDSCR & 0xFFFF
 195 0038 CEF20001 	                movt    r1, #SCB_FPDSCR >> 16
 196 003c 0860     	                str     r0, [r1]
 197              	
 198              	                /* Enforcing FPCA bit in the CONTROL register.*/
 199 003e 0620     	                movs    r0, #CRT0_CONTROL_INIT | CONTROL_FPCA
 200              	
 201              	#else
 202              	                movs    r0, #CRT0_CONTROL_INIT
 203              	#endif
 204              	
 205              	                /* CONTROL register initialization as configured.*/
 206 0040 80F31488 	                msr     CONTROL, r0
 207 0044 BFF36F8F 	                isb
 208              	
 209              	#if CRT0_INIT_CORE == TRUE
 210              	                /* Core initialization.*/
 211 0048 FFF7FEFF 	                bl      __core_init
 212              	#endif
 213              	
 214              	                /* Early initialization.*/
 215 004c FFF7FEFF 	                bl      __early_init
 216              	
 217              	#if CRT0_INIT_STACKS == TRUE
 218 0050 4FF05530 	                ldr     r0, =CRT0_STACKS_FILL_PATTERN
 219              	                /* Main Stack initialization. Note, it assumes that the
 220              	                   stack size is a multiple of 4 so the linker file must
 221              	                   ensure this.*/
 222 0054 1B49     	                ldr     r1, =__main_stack_base__
 223 0056 1C4A     	                ldr     r2, =__main_stack_end__
 224              	msloop:
 225 0058 9142     	                cmp     r1, r2
ARM GAS  C:\Users\25521\AppData\Local\Temp\ccnycsmx.s 			page 5


 226 005a 3CBF     	                itt     lo
 227 005c 41F8040B 	                strlo   r0, [r1], #4
 228 0060 FAE7     	                blo     msloop
 229              	
 230              	                /* Process Stack initialization. Note, it assumes that the
 231              	                   stack size is a multiple of 4 so the linker file must
 232              	                   ensure this.*/
 233 0062 1A49     	                ldr     r1, =__process_stack_base__
 234 0064 164A     	                ldr     r2, =__process_stack_end__
 235              	psloop:
 236 0066 9142     	                cmp     r1, r2
 237 0068 3CBF     	                itt     lo
 238 006a 41F8040B 	                strlo   r0, [r1], #4
 239 006e FAE7     	                blo     psloop
 240              	#endif
 241              	
 242              	#if CRT0_INIT_DATA == TRUE
 243              	                /* Data initialization. Note, it assumes that the DATA size
 244              	                  is a multiple of 4 so the linker file must ensure this.*/
 245 0070 1749     	                ldr     r1, =_textdata
 246 0072 184A     	                ldr     r2, =_data
 247 0074 184B     	                ldr     r3, =_edata
 248              	dloop:
 249 0076 9A42     	                cmp     r2, r3
 250 0078 3EBF     	                ittt    lo
 251 007a 51F8040B 	                ldrlo   r0, [r1], #4
 252 007e 42F8040B 	                strlo   r0, [r2], #4
 253 0082 F8E7     	                blo     dloop
 254              	#endif
 255              	
 256              	#if CRT0_INIT_BSS == TRUE
 257              	                /* BSS initialization. Note, it assumes that the DATA size
 258              	                  is a multiple of 4 so the linker file must ensure this.*/
 259 0084 0020     	                movs    r0, #0
 260 0086 1549     	                ldr     r1, =_bss_start
 261 0088 154A     	                ldr     r2, =_bss_end
 262              	bloop:
 263 008a 9142     	                cmp     r1, r2
 264 008c 3CBF     	                itt     lo
 265 008e 41F8040B 	                strlo   r0, [r1], #4
 266 0092 FAE7     	                blo     bloop
 267              	#endif
 268              	
 269              	                /* Late initialization..*/
 270 0094 FFF7FEFF 	                bl      __late_init
 271              	
 272              	#if CRT0_CALL_CONSTRUCTORS == TRUE
 273              	                /* Constructors invocation.*/
 274 0098 124C     	                ldr     r4, =__init_array_start
 275 009a 134D     	                ldr     r5, =__init_array_end
 276              	initloop:
 277 009c AC42     	                cmp     r4, r5
 278 009e 03DA     	                bge     endinitloop
 279 00a0 54F8041B 	                ldr     r1, [r4], #4
 280 00a4 8847     	                blx     r1
 281 00a6 F9E7     	                b       initloop
 282              	endinitloop:
ARM GAS  C:\Users\25521\AppData\Local\Temp\ccnycsmx.s 			page 6


 283              	#endif
 284              	
 285              	                /* Main program invocation, r0 contains the returned value.*/
 286 00a8 FFF7FEFF 	                bl      main
 287              	
 288              	#if CRT0_CALL_CONSTRUCTORS == TRUE
 289              	                /* Destructors invocation.*/
 290 00ac 0F4C     	                ldr     r4, =__fini_array_start
 291 00ae 104D     	                ldr     r5, =__fini_array_end
 292              	finiloop:
 293 00b0 AC42     	                cmp     r4, r5
 294 00b2 03DA     	                bge     endfiniloop
 295 00b4 54F8041B 	                ldr     r1, [r4], #4
 296 00b8 8847     	                blx     r1
 297 00ba F9E7     	                b       finiloop
 298              	endfiniloop:
 299              	#endif
 300              	
 301              	                /* Branching to the defined exit handler.*/
 302 00bc FFF7FEBF 	                b       __default_exit
 302      00000000 
 302      00000000 
 302      00000000 
 302      00000000 
ARM GAS  C:\Users\25521\AppData\Local\Temp\ccnycsmx.s 			page 7


DEFINED SYMBOLS
../e-puck2_main-processor/ChibiOS//os/common/ports/ARMCMx/compilers/GCC/crt0_v7m.s:163    .text:00000000 $t
../e-puck2_main-processor/ChibiOS//os/common/ports/ARMCMx/compilers/GCC/crt0_v7m.s:166    .text:00000000 Reset_Handler
../e-puck2_main-processor/ChibiOS//os/common/ports/ARMCMx/compilers/GCC/crt0_v7m.s:224    .text:00000058 msloop
../e-puck2_main-processor/ChibiOS//os/common/ports/ARMCMx/compilers/GCC/crt0_v7m.s:235    .text:00000066 psloop
../e-puck2_main-processor/ChibiOS//os/common/ports/ARMCMx/compilers/GCC/crt0_v7m.s:248    .text:00000076 dloop
../e-puck2_main-processor/ChibiOS//os/common/ports/ARMCMx/compilers/GCC/crt0_v7m.s:262    .text:0000008a bloop
../e-puck2_main-processor/ChibiOS//os/common/ports/ARMCMx/compilers/GCC/crt0_v7m.s:276    .text:0000009c initloop
../e-puck2_main-processor/ChibiOS//os/common/ports/ARMCMx/compilers/GCC/crt0_v7m.s:282    .text:000000a8 endinitloop
../e-puck2_main-processor/ChibiOS//os/common/ports/ARMCMx/compilers/GCC/crt0_v7m.s:292    .text:000000b0 finiloop
../e-puck2_main-processor/ChibiOS//os/common/ports/ARMCMx/compilers/GCC/crt0_v7m.s:298    .text:000000bc endfiniloop
../e-puck2_main-processor/ChibiOS//os/common/ports/ARMCMx/compilers/GCC/crt0_v7m.s:302    .text:000000c0 $d

UNDEFINED SYMBOLS
__process_stack_end__
__core_init
__early_init
__main_stack_base__
__main_stack_end__
__process_stack_base__
_textdata
_data
_edata
_bss_start
_bss_end
__late_init
__init_array_start
__init_array_end
main
__fini_array_start
__fini_array_end
__default_exit
